<?xml version="1.0" encoding="utf-8"?><testsuites name="pytest tests"><testsuite name="pytest" errors="0" failures="0" skipped="0" tests="14" time="70.705" timestamp="2026-07-18T16:09:08.038009+00:00" hostname="agent-env-dcfb31a9-edb6-40e4-bc1d-8b2daa1ac031"><testcase classname="tests.backend_test.TestAdminLeads" name="test_list_leads_requires_auth" time="0.396" /><testcase classname="tests.backend_test.TestAuth" name="test_login_success" time="0.394" /><testcase classname="tests.backend_test.TestAuth" name="test_login_wrong_password" time="0.273" /><testcase classname="tests.backend_test.TestAuth" name="test_login_wrong_email" time="0.230" /><testcase classname="tests.backend_test.TestAdminLeads" name="test_list_leads_ok_sorted_newest_first" time="0.743" /><testcase classname="tests.backend_test.TestAuth" name="test_me_without_token" time="0.161" /><testcase classname="tests.backend_test.TestAdminLeads" name="test_patch_lead_status" time="68.765" /><testcase classname="tests.backend_test.TestAuth" name="test_me_with_token" time="68.665" /><testcase classname="tests.backend_test.TestAuth" name="test_me_with_invalid_token" time="0.247" /><testcase classname="tests.backend_test.TestAdminLeads" name="test_patch_lead_requires_auth" time="0.108" /><testcase classname="tests.backend_test.TestLeadsPublic" name="test_create_lead_returns_expected_shape" time="0.053" /><testcase classname="tests.backend_test.TestHealth" name="test_root" time="0.092" /><testcase classname="tests.backend_test.TestLeadsPublic" name="test_create_lead_minimal_fields" time="0.051" /><testcase classname="tests.backend_test.TestLeadsPublic" name="test_create_lead_invalid_email" time="0.097" /></testsuite></testsuites>