<?xml version="1.0" encoding="utf-8"?><testsuites name="pytest tests"><testsuite name="pytest" errors="0" failures="0" skipped="0" tests="26" time="4.230" timestamp="2026-07-18T16:41:49.871530+00:00" hostname="agent-env-dcfb31a9-edb6-40e4-bc1d-8b2daa1ac031"><testcase classname="tests.backend_test.TestPortalDashboard" name="test_portal_requires_auth" time="0.170" /><testcase classname="tests.backend_test.TestAuth" name="test_login_admin_success" time="0.468" /><testcase classname="tests.backend_test.TestAuth" name="test_login_responsavel_success" time="0.439" /><testcase classname="tests.backend_test.TestPortalDashboard" name="test_portal_responsavel_ok" time="0.750" /><testcase classname="tests.backend_test.TestAuth" name="test_login_wrong_password" time="0.265" /><testcase classname="tests.backend_test.TestAuth" name="test_me_without_token" time="0.257" /><testcase classname="tests.backend_test.TestPortalDashboard" name="test_portal_admin_can_access" time="0.788" /><testcase classname="tests.backend_test.TestAuth" name="test_me_with_admin_token" time="0.441" /><testcase classname="tests.backend_test.TestGestaoAuthGuard" name="test_gestao_stats_requires_auth" time="0.147" /><testcase classname="tests.backend_test.TestGestaoAuthGuard" name="test_gestao_stats_denies_responsavel" time="0.135" /><testcase classname="tests.backend_test.TestGestaoReadOnly" name="test_financeiro" time="0.107" /><testcase classname="tests.backend_test.TestGestaoReadOnly" name="test_responsaveis" time="0.187" /><testcase classname="tests.backend_test.TestGestaoAuthGuard" name="test_gestao_alunos_denies_responsavel" time="0.108" /><testcase classname="tests.backend_test.TestLeadsPublic" name="test_create_lead_returns_expected_shape" time="0.059" /><testcase classname="tests.backend_test.TestLeadsPublic" name="test_create_lead_invalid_email" time="0.092" /><testcase classname="tests.backend_test.TestGestaoReadOnly" name="test_usuarios" time="0.103" /><testcase classname="tests.backend_test.TestAvisos" name="test_list_avisos_requires_auth" time="0.127" /><testcase classname="tests.backend_test.TestAdminLeads" name="test_list_leads_requires_auth" time="0.183" /><testcase classname="tests.backend_test.TestAvisos" name="test_create_list_delete_aviso" time="0.486" /><testcase classname="tests.backend_test.TestAdminLeads" name="test_list_and_patch_lead" time="0.338" /><testcase classname="tests.backend_test.TestHealth" name="test_root" time="0.043" /><testcase classname="tests.backend_test.TestGestaoStats" name="test_stats_shape" time="0.108" /><testcase classname="tests.backend_test.TestGestaoAlunos" name="test_list_and_create_aluno" time="0.662" /><testcase classname="tests.backend_test.TestGestaoTurmas" name="test_list_and_create_turma" time="0.209" /><testcase classname="tests.backend_test.TestGestaoProfessores" name="test_list_and_create_professor" time="0.201" /><testcase classname="tests.backend_test.TestGestaoAlunos" name="test_get_unknown_aluno_404" time="0.115" /></testsuite></testsuites>